2025-05-16 20:42:24,708 [Worker-1: Loading available Gradle versions] INFO  o.e.b.c.i.u.g.PublishedGradleVersions - Gradle version information cache is up-to-date. Trying to read.
2025-05-16 20:49:38,135 [Worker-21: Enabling Maven Dependency Management] INFO  o.e.m.c.i.l.LifecycleMappingFactory - Using org.eclipse.m2e.jdt.JarLifecycleMapping lifecycle mapping for MavenProject: DP3S_Strategy:DP3S_Strategy:0.0.1-SNAPSHOT @ D:\DP3S_16-05-25-MauStrategy_22T1020774\DP3S_Strategy\pom.xml.
2025-05-16 20:49:38,828 [Worker-21: Enabling Maven Dependency Management] INFO  o.e.m.j.i.AbstractJavaProjectConfigurator - Adding source folder /DP3S_Strategy/src
2025-05-16 20:49:38,828 [Worker-21: Enabling Maven Dependency Management] INFO  o.e.m.j.i.AbstractJavaProjectConfigurator - Resources folder /DP3S_Strategy/src/main/resources overlaps with sources folder /DP3S_Strategy/src
2025-05-16 20:49:38,830 [Worker-21: Enabling Maven Dependency Management] INFO  o.e.m.j.i.AbstractJavaProjectConfigurator - Not adding source folder /DP3S_Strategy/src/test/java because it overlaps with /DP3S_Strategy/src
2025-05-16 20:49:38,830 [Worker-21: Enabling Maven Dependency Management] INFO  o.e.m.j.i.AbstractJavaProjectConfigurator - Resources folder /DP3S_Strategy/src/test/resources overlaps with sources folder /DP3S_Strategy/src
2025-05-16 20:49:38,922 [Worker-21: Enabling Maven Dependency Management] INFO  o.e.m.c.i.p.ProjectConfigurationManager - Update started
2025-05-16 20:49:39,233 [Worker-21: Enabling Maven Dependency Management] INFO  o.e.m.c.i.l.LifecycleMappingFactory - Using org.eclipse.m2e.jdt.JarLifecycleMapping lifecycle mapping for MavenProject: DP3S_Strategy:DP3S_Strategy:0.0.1-SNAPSHOT @ D:\DP3S_16-05-25-MauStrategy_22T1020774\DP3S_Strategy\pom.xml.
2025-05-16 20:49:39,359 [Worker-21: Enabling Maven Dependency Management] INFO  o.e.m.j.i.AbstractJavaProjectConfigurator - Adding source folder /DP3S_Strategy/src
2025-05-16 20:49:39,361 [Worker-21: Enabling Maven Dependency Management] INFO  o.e.m.j.i.AbstractJavaProjectConfigurator - Resources folder /DP3S_Strategy/src/main/resources overlaps with sources folder /DP3S_Strategy/src
2025-05-16 20:49:39,361 [Worker-21: Enabling Maven Dependency Management] INFO  o.e.m.j.i.AbstractJavaProjectConfigurator - Not adding source folder /DP3S_Strategy/src/test/java because it overlaps with /DP3S_Strategy/src
2025-05-16 20:49:39,361 [Worker-21: Enabling Maven Dependency Management] INFO  o.e.m.j.i.AbstractJavaProjectConfigurator - Resources folder /DP3S_Strategy/src/test/resources overlaps with sources folder /DP3S_Strategy/src
2025-05-16 20:49:39,394 [Worker-21: Enabling Maven Dependency Management] INFO  o.e.m.c.i.p.ProjectConfigurationManager - Update completed for 1 poms: local refresh takes 0,00 sec, refresh facades takes 0,00 sec, update config takes 0,00 sec 
2025-05-16 20:49:39,561 [Worker-24: Building] WARN  o.a.m.s.f.DefaultMavenResourcesFiltering - Using platform encoding (UTF-8 actually) to copy filtered resources, i.e. build is platform dependent!
2025-05-16 20:49:39,562 [Worker-24: Building] INFO  o.a.m.s.f.DefaultMavenResourcesFiltering - skip non existing resourceDirectory D:\DP3S_16-05-25-MauStrategy_22T1020774\DP3S_Strategy\src\main\resources
2025-05-16 20:49:39,564 [Worker-24: Building] WARN  o.a.m.s.f.DefaultMavenResourcesFiltering - Using platform encoding (UTF-8 actually) to copy filtered resources, i.e. build is platform dependent!
2025-05-16 20:49:39,565 [Worker-24: Building] INFO  o.a.m.s.f.DefaultMavenResourcesFiltering - skip non existing resourceDirectory D:\DP3S_16-05-25-MauStrategy_22T1020774\DP3S_Strategy\src\test\resources
2025-05-16 20:49:48,988 [Worker-24: Building] INFO  o.e.m.c.i.l.LifecycleMappingFactory - Using org.eclipse.m2e.jdt.JarLifecycleMapping lifecycle mapping for MavenProject: DP3S_Strategy:DP3S_Strategy:0.0.1-SNAPSHOT @ D:\DP3S_16-05-25-MauStrategy_22T1020774\DP3S_Strategy\pom.xml.
2025-05-16 20:49:49,079 [Worker-24: Building] WARN  o.a.m.s.f.DefaultMavenResourcesFiltering - Using platform encoding (UTF-8 actually) to copy filtered resources, i.e. build is platform dependent!
2025-05-16 20:49:49,079 [Worker-24: Building] INFO  o.a.m.s.f.DefaultMavenResourcesFiltering - skip non existing resourceDirectory D:\DP3S_16-05-25-MauStrategy_22T1020774\DP3S_Strategy\src\main\resources
2025-05-16 20:49:49,082 [Worker-24: Building] WARN  o.a.m.s.f.DefaultMavenResourcesFiltering - Using platform encoding (UTF-8 actually) to copy filtered resources, i.e. build is platform dependent!
2025-05-16 20:49:49,083 [Worker-24: Building] INFO  o.a.m.s.f.DefaultMavenResourcesFiltering - skip non existing resourceDirectory D:\DP3S_16-05-25-MauStrategy_22T1020774\DP3S_Strategy\src\test\resources
2025-05-16 20:51:18,819 [Worker-32: Building] WARN  o.a.m.s.f.DefaultMavenResourcesFiltering - Using platform encoding (UTF-8 actually) to copy filtered resources, i.e. build is platform dependent!
2025-05-16 20:51:18,820 [Worker-32: Building] INFO  o.a.m.s.f.DefaultMavenResourcesFiltering - skip non existing resourceDirectory D:\DP3S_16-05-25-MauStrategy_22T1020774\DP3S_Strategy\src\main\resources
2025-05-16 20:51:18,821 [Worker-32: Building] WARN  o.a.m.s.f.DefaultMavenResourcesFiltering - Using platform encoding (UTF-8 actually) to copy filtered resources, i.e. build is platform dependent!
2025-05-16 20:51:18,822 [Worker-32: Building] INFO  o.a.m.s.f.DefaultMavenResourcesFiltering - skip non existing resourceDirectory D:\DP3S_16-05-25-MauStrategy_22T1020774\DP3S_Strategy\src\test\resources
2025-05-16 20:51:25,908 [Worker-30: Building] WARN  o.a.m.s.f.DefaultMavenResourcesFiltering - Using platform encoding (UTF-8 actually) to copy filtered resources, i.e. build is platform dependent!
2025-05-16 20:51:25,908 [Worker-30: Building] INFO  o.a.m.s.f.DefaultMavenResourcesFiltering - skip non existing resourceDirectory D:\DP3S_16-05-25-MauStrategy_22T1020774\DP3S_Strategy\src\main\resources
2025-05-16 20:51:25,909 [Worker-30: Building] WARN  o.a.m.s.f.DefaultMavenResourcesFiltering - Using platform encoding (UTF-8 actually) to copy filtered resources, i.e. build is platform dependent!
2025-05-16 20:51:25,909 [Worker-30: Building] INFO  o.a.m.s.f.DefaultMavenResourcesFiltering - skip non existing resourceDirectory D:\DP3S_16-05-25-MauStrategy_22T1020774\DP3S_Strategy\src\test\resources
2025-05-16 20:51:56,122 [Worker-21: Building] WARN  o.a.m.s.f.DefaultMavenResourcesFiltering - Using platform encoding (UTF-8 actually) to copy filtered resources, i.e. build is platform dependent!
2025-05-16 20:51:56,123 [Worker-21: Building] INFO  o.a.m.s.f.DefaultMavenResourcesFiltering - skip non existing resourceDirectory D:\DP3S_16-05-25-MauStrategy_22T1020774\DP3S_Strategy\src\main\resources
2025-05-16 20:51:56,124 [Worker-21: Building] WARN  o.a.m.s.f.DefaultMavenResourcesFiltering - Using platform encoding (UTF-8 actually) to copy filtered resources, i.e. build is platform dependent!
2025-05-16 20:51:56,125 [Worker-21: Building] INFO  o.a.m.s.f.DefaultMavenResourcesFiltering - skip non existing resourceDirectory D:\DP3S_16-05-25-MauStrategy_22T1020774\DP3S_Strategy\src\test\resources
2025-05-16 20:52:01,182 [Worker-24: Building] WARN  o.a.m.s.f.DefaultMavenResourcesFiltering - Using platform encoding (UTF-8 actually) to copy filtered resources, i.e. build is platform dependent!
2025-05-16 20:52:01,183 [Worker-24: Building] INFO  o.a.m.s.f.DefaultMavenResourcesFiltering - skip non existing resourceDirectory D:\DP3S_16-05-25-MauStrategy_22T1020774\DP3S_Strategy\src\main\resources
2025-05-16 20:52:01,184 [Worker-24: Building] WARN  o.a.m.s.f.DefaultMavenResourcesFiltering - Using platform encoding (UTF-8 actually) to copy filtered resources, i.e. build is platform dependent!
2025-05-16 20:52:01,184 [Worker-24: Building] INFO  o.a.m.s.f.DefaultMavenResourcesFiltering - skip non existing resourceDirectory D:\DP3S_16-05-25-MauStrategy_22T1020774\DP3S_Strategy\src\test\resources
2025-05-16 20:52:15,695 [Worker-21: Building] WARN  o.a.m.s.f.DefaultMavenResourcesFiltering - Using platform encoding (UTF-8 actually) to copy filtered resources, i.e. build is platform dependent!
2025-05-16 20:52:15,695 [Worker-21: Building] INFO  o.a.m.s.f.DefaultMavenResourcesFiltering - skip non existing resourceDirectory D:\DP3S_16-05-25-MauStrategy_22T1020774\DP3S_Strategy\src\main\resources
2025-05-16 20:52:15,697 [Worker-21: Building] WARN  o.a.m.s.f.DefaultMavenResourcesFiltering - Using platform encoding (UTF-8 actually) to copy filtered resources, i.e. build is platform dependent!
2025-05-16 20:52:15,697 [Worker-21: Building] INFO  o.a.m.s.f.DefaultMavenResourcesFiltering - skip non existing resourceDirectory D:\DP3S_16-05-25-MauStrategy_22T1020774\DP3S_Strategy\src\test\resources
2025-05-16 20:52:20,721 [Worker-16: Building] WARN  o.a.m.s.f.DefaultMavenResourcesFiltering - Using platform encoding (UTF-8 actually) to copy filtered resources, i.e. build is platform dependent!
2025-05-16 20:52:20,722 [Worker-16: Building] INFO  o.a.m.s.f.DefaultMavenResourcesFiltering - skip non existing resourceDirectory D:\DP3S_16-05-25-MauStrategy_22T1020774\DP3S_Strategy\src\main\resources
2025-05-16 20:52:20,723 [Worker-16: Building] WARN  o.a.m.s.f.DefaultMavenResourcesFiltering - Using platform encoding (UTF-8 actually) to copy filtered resources, i.e. build is platform dependent!
2025-05-16 20:52:20,724 [Worker-16: Building] INFO  o.a.m.s.f.DefaultMavenResourcesFiltering - skip non existing resourceDirectory D:\DP3S_16-05-25-MauStrategy_22T1020774\DP3S_Strategy\src\test\resources
2025-05-16 20:52:30,705 [Worker-32: Building] WARN  o.a.m.s.f.DefaultMavenResourcesFiltering - Using platform encoding (UTF-8 actually) to copy filtered resources, i.e. build is platform dependent!
2025-05-16 20:52:30,706 [Worker-32: Building] INFO  o.a.m.s.f.DefaultMavenResourcesFiltering - skip non existing resourceDirectory D:\DP3S_16-05-25-MauStrategy_22T1020774\DP3S_Strategy\src\main\resources
2025-05-16 20:52:30,707 [Worker-32: Building] WARN  o.a.m.s.f.DefaultMavenResourcesFiltering - Using platform encoding (UTF-8 actually) to copy filtered resources, i.e. build is platform dependent!
2025-05-16 20:52:30,708 [Worker-32: Building] INFO  o.a.m.s.f.DefaultMavenResourcesFiltering - skip non existing resourceDirectory D:\DP3S_16-05-25-MauStrategy_22T1020774\DP3S_Strategy\src\test\resources
2025-05-16 20:52:35,273 [Worker-16: Building] WARN  o.a.m.s.f.DefaultMavenResourcesFiltering - Using platform encoding (UTF-8 actually) to copy filtered resources, i.e. build is platform dependent!
2025-05-16 20:52:35,273 [Worker-16: Building] INFO  o.a.m.s.f.DefaultMavenResourcesFiltering - skip non existing resourceDirectory D:\DP3S_16-05-25-MauStrategy_22T1020774\DP3S_Strategy\src\main\resources
2025-05-16 20:52:35,274 [Worker-16: Building] WARN  o.a.m.s.f.DefaultMavenResourcesFiltering - Using platform encoding (UTF-8 actually) to copy filtered resources, i.e. build is platform dependent!
2025-05-16 20:52:35,275 [Worker-16: Building] INFO  o.a.m.s.f.DefaultMavenResourcesFiltering - skip non existing resourceDirectory D:\DP3S_16-05-25-MauStrategy_22T1020774\DP3S_Strategy\src\test\resources
2025-05-16 20:52:44,061 [Worker-32: Building] WARN  o.a.m.s.f.DefaultMavenResourcesFiltering - Using platform encoding (UTF-8 actually) to copy filtered resources, i.e. build is platform dependent!
2025-05-16 20:52:44,061 [Worker-32: Building] INFO  o.a.m.s.f.DefaultMavenResourcesFiltering - skip non existing resourceDirectory D:\DP3S_16-05-25-MauStrategy_22T1020774\DP3S_Strategy\src\main\resources
2025-05-16 20:52:44,063 [Worker-32: Building] WARN  o.a.m.s.f.DefaultMavenResourcesFiltering - Using platform encoding (UTF-8 actually) to copy filtered resources, i.e. build is platform dependent!
2025-05-16 20:52:44,063 [Worker-32: Building] INFO  o.a.m.s.f.DefaultMavenResourcesFiltering - skip non existing resourceDirectory D:\DP3S_16-05-25-MauStrategy_22T1020774\DP3S_Strategy\src\test\resources
2025-05-16 20:52:48,403 [Worker-16: Building] WARN  o.a.m.s.f.DefaultMavenResourcesFiltering - Using platform encoding (UTF-8 actually) to copy filtered resources, i.e. build is platform dependent!
2025-05-16 20:52:48,403 [Worker-16: Building] INFO  o.a.m.s.f.DefaultMavenResourcesFiltering - skip non existing resourceDirectory D:\DP3S_16-05-25-MauStrategy_22T1020774\DP3S_Strategy\src\main\resources
2025-05-16 20:52:48,405 [Worker-16: Building] WARN  o.a.m.s.f.DefaultMavenResourcesFiltering - Using platform encoding (UTF-8 actually) to copy filtered resources, i.e. build is platform dependent!
2025-05-16 20:52:48,405 [Worker-16: Building] INFO  o.a.m.s.f.DefaultMavenResourcesFiltering - skip non existing resourceDirectory D:\DP3S_16-05-25-MauStrategy_22T1020774\DP3S_Strategy\src\test\resources
2025-05-16 20:53:05,676 [Worker-21: Building] WARN  o.a.m.s.f.DefaultMavenResourcesFiltering - Using platform encoding (UTF-8 actually) to copy filtered resources, i.e. build is platform dependent!
2025-05-16 20:53:05,677 [Worker-21: Building] INFO  o.a.m.s.f.DefaultMavenResourcesFiltering - skip non existing resourceDirectory D:\DP3S_16-05-25-MauStrategy_22T1020774\DP3S_Strategy\src\main\resources
2025-05-16 20:53:05,678 [Worker-21: Building] WARN  o.a.m.s.f.DefaultMavenResourcesFiltering - Using platform encoding (UTF-8 actually) to copy filtered resources, i.e. build is platform dependent!
2025-05-16 20:53:05,679 [Worker-21: Building] INFO  o.a.m.s.f.DefaultMavenResourcesFiltering - skip non existing resourceDirectory D:\DP3S_16-05-25-MauStrategy_22T1020774\DP3S_Strategy\src\test\resources
2025-05-16 20:53:10,264 [Worker-33: Building] WARN  o.a.m.s.f.DefaultMavenResourcesFiltering - Using platform encoding (UTF-8 actually) to copy filtered resources, i.e. build is platform dependent!
2025-05-16 20:53:10,265 [Worker-33: Building] INFO  o.a.m.s.f.DefaultMavenResourcesFiltering - skip non existing resourceDirectory D:\DP3S_16-05-25-MauStrategy_22T1020774\DP3S_Strategy\src\main\resources
2025-05-16 20:53:10,266 [Worker-33: Building] WARN  o.a.m.s.f.DefaultMavenResourcesFiltering - Using platform encoding (UTF-8 actually) to copy filtered resources, i.e. build is platform dependent!
2025-05-16 20:53:10,267 [Worker-33: Building] INFO  o.a.m.s.f.DefaultMavenResourcesFiltering - skip non existing resourceDirectory D:\DP3S_16-05-25-MauStrategy_22T1020774\DP3S_Strategy\src\test\resources
2025-05-16 20:53:25,530 [Worker-32: Building] WARN  o.a.m.s.f.DefaultMavenResourcesFiltering - Using platform encoding (UTF-8 actually) to copy filtered resources, i.e. build is platform dependent!
2025-05-16 20:53:25,530 [Worker-32: Building] INFO  o.a.m.s.f.DefaultMavenResourcesFiltering - skip non existing resourceDirectory D:\DP3S_16-05-25-MauStrategy_22T1020774\DP3S_Strategy\src\main\resources
2025-05-16 20:53:25,533 [Worker-32: Building] WARN  o.a.m.s.f.DefaultMavenResourcesFiltering - Using platform encoding (UTF-8 actually) to copy filtered resources, i.e. build is platform dependent!
2025-05-16 20:53:25,533 [Worker-32: Building] INFO  o.a.m.s.f.DefaultMavenResourcesFiltering - skip non existing resourceDirectory D:\DP3S_16-05-25-MauStrategy_22T1020774\DP3S_Strategy\src\test\resources
2025-05-16 20:53:30,134 [Worker-34: Building] WARN  o.a.m.s.f.DefaultMavenResourcesFiltering - Using platform encoding (UTF-8 actually) to copy filtered resources, i.e. build is platform dependent!
2025-05-16 20:53:30,134 [Worker-34: Building] INFO  o.a.m.s.f.DefaultMavenResourcesFiltering - skip non existing resourceDirectory D:\DP3S_16-05-25-MauStrategy_22T1020774\DP3S_Strategy\src\main\resources
2025-05-16 20:53:30,136 [Worker-34: Building] WARN  o.a.m.s.f.DefaultMavenResourcesFiltering - Using platform encoding (UTF-8 actually) to copy filtered resources, i.e. build is platform dependent!
2025-05-16 20:53:30,136 [Worker-34: Building] INFO  o.a.m.s.f.DefaultMavenResourcesFiltering - skip non existing resourceDirectory D:\DP3S_16-05-25-MauStrategy_22T1020774\DP3S_Strategy\src\test\resources
2025-05-16 20:54:11,446 [Worker-31: Building] INFO  o.e.m.c.i.l.LifecycleMappingFactory - Using org.eclipse.m2e.jdt.JarLifecycleMapping lifecycle mapping for MavenProject: DP3S_Strategy:DP3S_Strategy:0.0.1-SNAPSHOT @ D:\DP3S_16-05-25-MauStrategy_22T1020774\DP3S_Strategy\pom.xml.
2025-05-16 20:54:11,566 [Worker-31: Building] INFO  o.a.m.s.f.DefaultMavenResourcesFiltering - skip non existing resourceDirectory D:\DP3S_16-05-25-MauStrategy_22T1020774\DP3S_Strategy\src\main\resources
2025-05-16 20:54:11,569 [Worker-31: Building] INFO  o.a.m.s.f.DefaultMavenResourcesFiltering - skip non existing resourceDirectory D:\DP3S_16-05-25-MauStrategy_22T1020774\DP3S_Strategy\src\test\resources
2025-05-16 20:54:18,621 [Worker-21: Building] INFO  o.e.m.c.i.l.LifecycleMappingFactory - Using org.eclipse.m2e.jdt.JarLifecycleMapping lifecycle mapping for MavenProject: DP3S_Strategy:DP3S_Strategy:0.0.1-SNAPSHOT @ D:\DP3S_16-05-25-MauStrategy_22T1020774\DP3S_Strategy\pom.xml.
2025-05-16 20:54:18,832 [Worker-21: Building] INFO  o.a.m.s.f.DefaultMavenResourcesFiltering - skip non existing resourceDirectory D:\DP3S_16-05-25-MauStrategy_22T1020774\DP3S_Strategy\src\main\resources
2025-05-16 20:54:18,834 [Worker-21: Building] INFO  o.a.m.s.f.DefaultMavenResourcesFiltering - skip non existing resourceDirectory D:\DP3S_16-05-25-MauStrategy_22T1020774\DP3S_Strategy\src\test\resources
2025-05-16 20:54:20,235 [Worker-34: Building] INFO  o.e.m.c.i.l.LifecycleMappingFactory - Using org.eclipse.m2e.jdt.JarLifecycleMapping lifecycle mapping for MavenProject: DP3S_Strategy:DP3S_Strategy:0.0.1-SNAPSHOT @ D:\DP3S_16-05-25-MauStrategy_22T1020774\DP3S_Strategy\pom.xml.
2025-05-16 20:54:20,358 [Worker-34: Building] INFO  o.a.m.s.f.DefaultMavenResourcesFiltering - skip non existing resourceDirectory D:\DP3S_16-05-25-MauStrategy_22T1020774\DP3S_Strategy\src\main\resources
2025-05-16 20:54:20,361 [Worker-34: Building] INFO  o.a.m.s.f.DefaultMavenResourcesFiltering - skip non existing resourceDirectory D:\DP3S_16-05-25-MauStrategy_22T1020774\DP3S_Strategy\src\test\resources
2025-05-16 20:54:46,009 [Worker-32: Building] INFO  o.e.m.c.i.l.LifecycleMappingFactory - Using org.eclipse.m2e.jdt.JarLifecycleMapping lifecycle mapping for MavenProject: DP3S_Strategy:DP3S_Strategy:0.0.1-SNAPSHOT @ D:\DP3S_16-05-25-MauStrategy_22T1020774\DP3S_Strategy\pom.xml.
2025-05-16 20:54:46,085 [Worker-32: Building] INFO  o.a.m.s.f.DefaultMavenResourcesFiltering - skip non existing resourceDirectory D:\DP3S_16-05-25-MauStrategy_22T1020774\DP3S_Strategy\src\main\resources
2025-05-16 20:54:46,087 [Worker-32: Building] INFO  o.a.m.s.f.DefaultMavenResourcesFiltering - skip non existing resourceDirectory D:\DP3S_16-05-25-MauStrategy_22T1020774\DP3S_Strategy\src\test\resources
2025-05-16 21:00:06,472 [Worker-35: Building] INFO  o.a.m.s.f.DefaultMavenResourcesFiltering - skip non existing resourceDirectory D:\DP3S_16-05-25-MauStrategy_22T1020774\DP3S_Strategy\src\main\resources
2025-05-16 21:00:06,473 [Worker-35: Building] INFO  o.a.m.s.f.DefaultMavenResourcesFiltering - skip non existing resourceDirectory D:\DP3S_16-05-25-MauStrategy_22T1020774\DP3S_Strategy\src\test\resources
2025-05-16 21:02:58,737 [Worker-2: Loading available Gradle versions] INFO  o.e.b.c.i.u.g.PublishedGradleVersions - Gradle version information cache is up-to-date. Trying to read.
2025-05-16 21:12:42,071 [Worker-19: Building] INFO  o.a.m.s.f.DefaultMavenResourcesFiltering - skip non existing resourceDirectory D:\DP3S_16-05-25-MauStrategy_22T1020774\DP3S_Strategy\src\main\resources
2025-05-16 21:12:42,075 [Worker-19: Building] INFO  o.a.m.s.f.DefaultMavenResourcesFiltering - skip non existing resourceDirectory D:\DP3S_16-05-25-MauStrategy_22T1020774\DP3S_Strategy\src\test\resources
2025-05-16 21:13:06,101 [Worker-13: Building] INFO  o.a.m.s.f.DefaultMavenResourcesFiltering - skip non existing resourceDirectory D:\DP3S_16-05-25-MauStrategy_22T1020774\DP3S_Strategy\src\main\resources
2025-05-16 21:13:06,102 [Worker-13: Building] INFO  o.a.m.s.f.DefaultMavenResourcesFiltering - skip non existing resourceDirectory D:\DP3S_16-05-25-MauStrategy_22T1020774\DP3S_Strategy\src\test\resources
2025-05-16 21:28:27,522 [Worker-8: Loading available Gradle versions] INFO  o.e.b.c.i.u.g.PublishedGradleVersions - Gradle version information cache is up-to-date. Trying to read.
2025-05-16 21:33:37,108 [Worker-1: Loading available Gradle versions] INFO  o.e.b.c.i.u.g.PublishedGradleVersions - Gradle version information cache is up-to-date. Trying to read.
2025-05-16 21:33:50,911 [Worker-2: Building] INFO  o.a.m.s.f.DefaultMavenResourcesFiltering - skip non existing resourceDirectory D:\DP3S_16-05-25-MauStrategy_22T1020774\DP3S_Strategy\src\main\resources
2025-05-16 21:33:50,915 [Worker-2: Building] INFO  o.a.m.s.f.DefaultMavenResourcesFiltering - skip non existing resourceDirectory D:\DP3S_16-05-25-MauStrategy_22T1020774\DP3S_Strategy\src\test\resources
2025-05-16 21:41:08,680 [Worker-5: Loading available Gradle versions] INFO  o.e.b.c.i.u.g.PublishedGradleVersions - Gradle version information cache is up-to-date. Trying to read.
2025-05-17 10:12:32,150 [Worker-1: Loading available Gradle versions] INFO  o.e.b.c.i.u.g.PublishedGradleVersions - Gradle version information cache is out-of-date. Trying to update.
2025-05-17 10:12:37,390 [Worker-4: Launching BenchmarkApp] INFO  o.a.m.s.f.DefaultMavenResourcesFiltering - skip non existing resourceDirectory D:\DP3S_16-05-25-MauStrategy_22T1020774\DP3S_Strategy\src\main\resources
2025-05-17 10:12:37,395 [Worker-4: Launching BenchmarkApp] INFO  o.a.m.s.f.DefaultMavenResourcesFiltering - skip non existing resourceDirectory D:\DP3S_16-05-25-MauStrategy_22T1020774\DP3S_Strategy\src\test\resources
2025-05-17 10:16:00,164 [Worker-3: Building] INFO  o.a.m.s.f.DefaultMavenResourcesFiltering - skip non existing resourceDirectory D:\DP3S_16-05-25-MauStrategy_22T1020774\DP3S_Strategy\src\main\resources
2025-05-17 10:16:00,165 [Worker-3: Building] INFO  o.a.m.s.f.DefaultMavenResourcesFiltering - skip non existing resourceDirectory D:\DP3S_16-05-25-MauStrategy_22T1020774\DP3S_Strategy\src\test\resources
2025-05-17 10:16:06,647 [Worker-3: Building] INFO  o.a.m.s.f.DefaultMavenResourcesFiltering - skip non existing resourceDirectory D:\DP3S_16-05-25-MauStrategy_22T1020774\DP3S_Strategy\src\main\resources
2025-05-17 10:16:06,648 [Worker-3: Building] INFO  o.a.m.s.f.DefaultMavenResourcesFiltering - skip non existing resourceDirectory D:\DP3S_16-05-25-MauStrategy_22T1020774\DP3S_Strategy\src\test\resources
2025-05-17 10:16:17,482 [Worker-0: Building] INFO  o.a.m.s.f.DefaultMavenResourcesFiltering - skip non existing resourceDirectory D:\DP3S_16-05-25-MauStrategy_22T1020774\DP3S_Strategy\src\main\resources
2025-05-17 10:16:17,483 [Worker-0: Building] INFO  o.a.m.s.f.DefaultMavenResourcesFiltering - skip non existing resourceDirectory D:\DP3S_16-05-25-MauStrategy_22T1020774\DP3S_Strategy\src\test\resources
2025-05-17 10:16:25,026 [Worker-20: Building] INFO  o.a.m.s.f.DefaultMavenResourcesFiltering - skip non existing resourceDirectory D:\DP3S_16-05-25-MauStrategy_22T1020774\DP3S_Strategy\src\main\resources
2025-05-17 10:16:25,028 [Worker-20: Building] INFO  o.a.m.s.f.DefaultMavenResourcesFiltering - skip non existing resourceDirectory D:\DP3S_16-05-25-MauStrategy_22T1020774\DP3S_Strategy\src\test\resources
2025-05-17 10:16:34,181 [Worker-0: Building] INFO  o.a.m.s.f.DefaultMavenResourcesFiltering - skip non existing resourceDirectory D:\DP3S_16-05-25-MauStrategy_22T1020774\DP3S_Strategy\src\main\resources
2025-05-17 10:16:34,183 [Worker-0: Building] INFO  o.a.m.s.f.DefaultMavenResourcesFiltering - skip non existing resourceDirectory D:\DP3S_16-05-25-MauStrategy_22T1020774\DP3S_Strategy\src\test\resources
2025-05-17 10:16:40,693 [Worker-11: Building] INFO  o.a.m.s.f.DefaultMavenResourcesFiltering - skip non existing resourceDirectory D:\DP3S_16-05-25-MauStrategy_22T1020774\DP3S_Strategy\src\main\resources
2025-05-17 10:16:40,696 [Worker-11: Building] INFO  o.a.m.s.f.DefaultMavenResourcesFiltering - skip non existing resourceDirectory D:\DP3S_16-05-25-MauStrategy_22T1020774\DP3S_Strategy\src\test\resources
2025-05-17 10:16:47,472 [Worker-0: Building] INFO  o.a.m.s.f.DefaultMavenResourcesFiltering - skip non existing resourceDirectory D:\DP3S_16-05-25-MauStrategy_22T1020774\DP3S_Strategy\src\main\resources
2025-05-17 10:16:47,475 [Worker-0: Building] INFO  o.a.m.s.f.DefaultMavenResourcesFiltering - skip non existing resourceDirectory D:\DP3S_16-05-25-MauStrategy_22T1020774\DP3S_Strategy\src\test\resources
2025-05-17 10:17:10,324 [Worker-12: Building] INFO  o.a.m.s.f.DefaultMavenResourcesFiltering - skip non existing resourceDirectory D:\DP3S_16-05-25-MauStrategy_22T1020774\DP3S_Strategy\src\main\resources
2025-05-17 10:17:10,326 [Worker-12: Building] INFO  o.a.m.s.f.DefaultMavenResourcesFiltering - skip non existing resourceDirectory D:\DP3S_16-05-25-MauStrategy_22T1020774\DP3S_Strategy\src\test\resources
2025-05-17 10:17:49,222 [Worker-12: Building] INFO  o.a.m.s.f.DefaultMavenResourcesFiltering - skip non existing resourceDirectory D:\DP3S_16-05-25-MauStrategy_22T1020774\DP3S_Strategy\src\main\resources
2025-05-17 10:17:49,224 [Worker-12: Building] INFO  o.a.m.s.f.DefaultMavenResourcesFiltering - skip non existing resourceDirectory D:\DP3S_16-05-25-MauStrategy_22T1020774\DP3S_Strategy\src\test\resources
2025-05-17 10:19:57,717 [Worker-0: Building] INFO  o.a.m.s.f.DefaultMavenResourcesFiltering - skip non existing resourceDirectory D:\DP3S_16-05-25-MauStrategy_22T1020774\DP3S_Strategy\src\main\resources
2025-05-17 10:19:57,718 [Worker-0: Building] INFO  o.a.m.s.f.DefaultMavenResourcesFiltering - skip non existing resourceDirectory D:\DP3S_16-05-25-MauStrategy_22T1020774\DP3S_Strategy\src\test\resources
2025-05-17 10:20:09,030 [Worker-11: Building] INFO  o.a.m.s.f.DefaultMavenResourcesFiltering - skip non existing resourceDirectory D:\DP3S_16-05-25-MauStrategy_22T1020774\DP3S_Strategy\src\main\resources
2025-05-17 10:20:09,032 [Worker-11: Building] INFO  o.a.m.s.f.DefaultMavenResourcesFiltering - skip non existing resourceDirectory D:\DP3S_16-05-25-MauStrategy_22T1020774\DP3S_Strategy\src\test\resources
2025-05-17 10:20:29,934 [Worker-29: Building] INFO  o.a.m.s.f.DefaultMavenResourcesFiltering - skip non existing resourceDirectory D:\DP3S_16-05-25-MauStrategy_22T1020774\DP3S_Strategy\src\main\resources
2025-05-17 10:20:29,936 [Worker-29: Building] INFO  o.a.m.s.f.DefaultMavenResourcesFiltering - skip non existing resourceDirectory D:\DP3S_16-05-25-MauStrategy_22T1020774\DP3S_Strategy\src\test\resources
2025-05-17 10:20:40,929 [Worker-11: Building] INFO  o.a.m.s.f.DefaultMavenResourcesFiltering - skip non existing resourceDirectory D:\DP3S_16-05-25-MauStrategy_22T1020774\DP3S_Strategy\src\main\resources
2025-05-17 10:20:40,931 [Worker-11: Building] INFO  o.a.m.s.f.DefaultMavenResourcesFiltering - skip non existing resourceDirectory D:\DP3S_16-05-25-MauStrategy_22T1020774\DP3S_Strategy\src\test\resources
2025-05-17 10:20:52,813 [Worker-11: Building] INFO  o.a.m.s.f.DefaultMavenResourcesFiltering - skip non existing resourceDirectory D:\DP3S_16-05-25-MauStrategy_22T1020774\DP3S_Strategy\src\main\resources
2025-05-17 10:20:52,815 [Worker-11: Building] INFO  o.a.m.s.f.DefaultMavenResourcesFiltering - skip non existing resourceDirectory D:\DP3S_16-05-25-MauStrategy_22T1020774\DP3S_Strategy\src\test\resources
2025-05-17 10:21:02,009 [Worker-20: Building] INFO  o.a.m.s.f.DefaultMavenResourcesFiltering - skip non existing resourceDirectory D:\DP3S_16-05-25-MauStrategy_22T1020774\DP3S_Strategy\src\main\resources
2025-05-17 10:21:02,010 [Worker-20: Building] INFO  o.a.m.s.f.DefaultMavenResourcesFiltering - skip non existing resourceDirectory D:\DP3S_16-05-25-MauStrategy_22T1020774\DP3S_Strategy\src\test\resources
2025-05-17 10:21:12,802 [Worker-29: Building] INFO  o.a.m.s.f.DefaultMavenResourcesFiltering - skip non existing resourceDirectory D:\DP3S_16-05-25-MauStrategy_22T1020774\DP3S_Strategy\src\main\resources
2025-05-17 10:21:12,804 [Worker-29: Building] INFO  o.a.m.s.f.DefaultMavenResourcesFiltering - skip non existing resourceDirectory D:\DP3S_16-05-25-MauStrategy_22T1020774\DP3S_Strategy\src\test\resources
2025-05-17 10:23:56,975 [Worker-11: Building] INFO  o.a.m.s.f.DefaultMavenResourcesFiltering - skip non existing resourceDirectory D:\DP3S_16-05-25-MauStrategy_22T1020774\DP3S_Strategy\src\main\resources
2025-05-17 10:23:56,976 [Worker-11: Building] INFO  o.a.m.s.f.DefaultMavenResourcesFiltering - skip non existing resourceDirectory D:\DP3S_16-05-25-MauStrategy_22T1020774\DP3S_Strategy\src\test\resources
2025-05-17 10:24:05,053 [Worker-0: Building] INFO  o.a.m.s.f.DefaultMavenResourcesFiltering - skip non existing resourceDirectory D:\DP3S_16-05-25-MauStrategy_22T1020774\DP3S_Strategy\src\main\resources
2025-05-17 10:24:05,054 [Worker-0: Building] INFO  o.a.m.s.f.DefaultMavenResourcesFiltering - skip non existing resourceDirectory D:\DP3S_16-05-25-MauStrategy_22T1020774\DP3S_Strategy\src\test\resources
2025-05-17 10:24:14,079 [Worker-11: Building] INFO  o.a.m.s.f.DefaultMavenResourcesFiltering - skip non existing resourceDirectory D:\DP3S_16-05-25-MauStrategy_22T1020774\DP3S_Strategy\src\main\resources
2025-05-17 10:24:14,080 [Worker-11: Building] INFO  o.a.m.s.f.DefaultMavenResourcesFiltering - skip non existing resourceDirectory D:\DP3S_16-05-25-MauStrategy_22T1020774\DP3S_Strategy\src\test\resources
2025-05-17 10:24:22,060 [Worker-11: Building] INFO  o.a.m.s.f.DefaultMavenResourcesFiltering - skip non existing resourceDirectory D:\DP3S_16-05-25-MauStrategy_22T1020774\DP3S_Strategy\src\main\resources
2025-05-17 10:24:22,062 [Worker-11: Building] INFO  o.a.m.s.f.DefaultMavenResourcesFiltering - skip non existing resourceDirectory D:\DP3S_16-05-25-MauStrategy_22T1020774\DP3S_Strategy\src\test\resources
2025-05-17 10:24:30,394 [Worker-11: Building] INFO  o.a.m.s.f.DefaultMavenResourcesFiltering - skip non existing resourceDirectory D:\DP3S_16-05-25-MauStrategy_22T1020774\DP3S_Strategy\src\main\resources
2025-05-17 10:24:30,396 [Worker-11: Building] INFO  o.a.m.s.f.DefaultMavenResourcesFiltering - skip non existing resourceDirectory D:\DP3S_16-05-25-MauStrategy_22T1020774\DP3S_Strategy\src\test\resources
2025-05-17 10:24:49,059 [Worker-20: Building] INFO  o.a.m.s.f.DefaultMavenResourcesFiltering - skip non existing resourceDirectory D:\DP3S_16-05-25-MauStrategy_22T1020774\DP3S_Strategy\src\main\resources
2025-05-17 10:24:49,060 [Worker-20: Building] INFO  o.a.m.s.f.DefaultMavenResourcesFiltering - skip non existing resourceDirectory D:\DP3S_16-05-25-MauStrategy_22T1020774\DP3S_Strategy\src\test\resources
2025-05-17 10:25:00,057 [Worker-11: Building] INFO  o.a.m.s.f.DefaultMavenResourcesFiltering - skip non existing resourceDirectory D:\DP3S_16-05-25-MauStrategy_22T1020774\DP3S_Strategy\src\main\resources
2025-05-17 10:25:00,059 [Worker-11: Building] INFO  o.a.m.s.f.DefaultMavenResourcesFiltering - skip non existing resourceDirectory D:\DP3S_16-05-25-MauStrategy_22T1020774\DP3S_Strategy\src\test\resources
2025-05-17 10:33:58,345 [Worker-33: Building] INFO  o.a.m.s.f.DefaultMavenResourcesFiltering - skip non existing resourceDirectory D:\DP3S_16-05-25-MauStrategy_22T1020774\DP3S_Strategy\src\main\resources
2025-05-17 10:33:58,346 [Worker-33: Building] INFO  o.a.m.s.f.DefaultMavenResourcesFiltering - skip non existing resourceDirectory D:\DP3S_16-05-25-MauStrategy_22T1020774\DP3S_Strategy\src\test\resources
2025-05-17 10:35:40,577 [Worker-33: Building] INFO  o.a.m.s.f.DefaultMavenResourcesFiltering - skip non existing resourceDirectory D:\DP3S_16-05-25-MauStrategy_22T1020774\DP3S_Strategy\src\main\resources
2025-05-17 10:35:40,579 [Worker-33: Building] INFO  o.a.m.s.f.DefaultMavenResourcesFiltering - skip non existing resourceDirectory D:\DP3S_16-05-25-MauStrategy_22T1020774\DP3S_Strategy\src\test\resources
2025-05-17 11:01:24,688 [Worker-7: Loading available Gradle versions] INFO  o.e.b.c.i.u.g.PublishedGradleVersions - Gradle version information cache is up-to-date. Trying to read.
2025-05-17 11:01:29,884 [Worker-3: Building] INFO  o.a.m.s.f.DefaultMavenResourcesFiltering - skip non existing resourceDirectory D:\DP3S_16-05-25-MauStrategy_22T1020774\DP3S_Strategy\src\main\resources
2025-05-17 11:01:29,889 [Worker-3: Building] INFO  o.a.m.s.f.DefaultMavenResourcesFiltering - skip non existing resourceDirectory D:\DP3S_16-05-25-MauStrategy_22T1020774\DP3S_Strategy\src\test\resources
2025-05-17 11:01:43,579 [Worker-24: Building] INFO  o.a.m.s.f.DefaultMavenResourcesFiltering - skip non existing resourceDirectory D:\DP3S_16-05-25-MauStrategy_22T1020774\DP3S_Strategy\src\main\resources
2025-05-17 11:01:43,581 [Worker-24: Building] INFO  o.a.m.s.f.DefaultMavenResourcesFiltering - skip non existing resourceDirectory D:\DP3S_16-05-25-MauStrategy_22T1020774\DP3S_Strategy\src\test\resources
2025-05-17 11:01:50,775 [Worker-24: Building] INFO  o.a.m.s.f.DefaultMavenResourcesFiltering - skip non existing resourceDirectory D:\DP3S_16-05-25-MauStrategy_22T1020774\DP3S_Strategy\src\main\resources
2025-05-17 11:01:50,778 [Worker-24: Building] INFO  o.a.m.s.f.DefaultMavenResourcesFiltering - skip non existing resourceDirectory D:\DP3S_16-05-25-MauStrategy_22T1020774\DP3S_Strategy\src\test\resources
2025-05-17 11:04:34,936 [Worker-9: Building] INFO  o.a.m.s.f.DefaultMavenResourcesFiltering - skip non existing resourceDirectory D:\DP3S_16-05-25-MauStrategy_22T1020774\DP3S_Strategy\src\main\resources
2025-05-17 11:04:34,937 [Worker-9: Building] INFO  o.a.m.s.f.DefaultMavenResourcesFiltering - skip non existing resourceDirectory D:\DP3S_16-05-25-MauStrategy_22T1020774\DP3S_Strategy\src\test\resources
2025-05-17 11:05:14,640 [Worker-3: Building] INFO  o.a.m.s.f.DefaultMavenResourcesFiltering - skip non existing resourceDirectory D:\DP3S_16-05-25-MauStrategy_22T1020774\DP3S_Strategy\src\main\resources
2025-05-17 11:05:14,642 [Worker-3: Building] INFO  o.a.m.s.f.DefaultMavenResourcesFiltering - skip non existing resourceDirectory D:\DP3S_16-05-25-MauStrategy_22T1020774\DP3S_Strategy\src\test\resources
2025-05-17 11:05:20,603 [Worker-9: Building] INFO  o.a.m.s.f.DefaultMavenResourcesFiltering - skip non existing resourceDirectory D:\DP3S_16-05-25-MauStrategy_22T1020774\DP3S_Strategy\src\main\resources
2025-05-17 11:05:20,606 [Worker-9: Building] INFO  o.a.m.s.f.DefaultMavenResourcesFiltering - skip non existing resourceDirectory D:\DP3S_16-05-25-MauStrategy_22T1020774\DP3S_Strategy\src\test\resources
2025-05-17 11:05:26,573 [Worker-25: Building] INFO  o.a.m.s.f.DefaultMavenResourcesFiltering - skip non existing resourceDirectory D:\DP3S_16-05-25-MauStrategy_22T1020774\DP3S_Strategy\src\main\resources
2025-05-17 11:05:26,575 [Worker-25: Building] INFO  o.a.m.s.f.DefaultMavenResourcesFiltering - skip non existing resourceDirectory D:\DP3S_16-05-25-MauStrategy_22T1020774\DP3S_Strategy\src\test\resources
2025-05-17 11:06:01,169 [Worker-26: Building] INFO  o.a.m.s.f.DefaultMavenResourcesFiltering - skip non existing resourceDirectory D:\DP3S_16-05-25-MauStrategy_22T1020774\DP3S_Strategy\src\main\resources
2025-05-17 11:06:01,171 [Worker-26: Building] INFO  o.a.m.s.f.DefaultMavenResourcesFiltering - skip non existing resourceDirectory D:\DP3S_16-05-25-MauStrategy_22T1020774\DP3S_Strategy\src\test\resources
2025-05-17 11:06:22,046 [Worker-3: Building] INFO  o.a.m.s.f.DefaultMavenResourcesFiltering - skip non existing resourceDirectory D:\DP3S_16-05-25-MauStrategy_22T1020774\DP3S_Strategy\src\main\resources
2025-05-17 11:06:22,048 [Worker-3: Building] INFO  o.a.m.s.f.DefaultMavenResourcesFiltering - skip non existing resourceDirectory D:\DP3S_16-05-25-MauStrategy_22T1020774\DP3S_Strategy\src\test\resources
2025-05-17 11:06:46,538 [Worker-25: Building] INFO  o.a.m.s.f.DefaultMavenResourcesFiltering - skip non existing resourceDirectory D:\DP3S_16-05-25-MauStrategy_22T1020774\DP3S_Strategy\src\main\resources
2025-05-17 11:06:46,539 [Worker-25: Building] INFO  o.a.m.s.f.DefaultMavenResourcesFiltering - skip non existing resourceDirectory D:\DP3S_16-05-25-MauStrategy_22T1020774\DP3S_Strategy\src\test\resources
2025-05-17 11:07:09,873 [Worker-25: Building] INFO  o.a.m.s.f.DefaultMavenResourcesFiltering - skip non existing resourceDirectory D:\DP3S_16-05-25-MauStrategy_22T1020774\DP3S_Strategy\src\main\resources
2025-05-17 11:07:09,874 [Worker-25: Building] INFO  o.a.m.s.f.DefaultMavenResourcesFiltering - skip non existing resourceDirectory D:\DP3S_16-05-25-MauStrategy_22T1020774\DP3S_Strategy\src\test\resources
2025-05-17 11:07:13,526 [Worker-9: Building] INFO  o.a.m.s.f.DefaultMavenResourcesFiltering - skip non existing resourceDirectory D:\DP3S_16-05-25-MauStrategy_22T1020774\DP3S_Strategy\src\main\resources
2025-05-17 11:07:13,527 [Worker-9: Building] INFO  o.a.m.s.f.DefaultMavenResourcesFiltering - skip non existing resourceDirectory D:\DP3S_16-05-25-MauStrategy_22T1020774\DP3S_Strategy\src\test\resources
2025-05-17 11:07:19,538 [Worker-26: Building] INFO  o.a.m.s.f.DefaultMavenResourcesFiltering - skip non existing resourceDirectory D:\DP3S_16-05-25-MauStrategy_22T1020774\DP3S_Strategy\src\main\resources
2025-05-17 11:07:19,539 [Worker-26: Building] INFO  o.a.m.s.f.DefaultMavenResourcesFiltering - skip non existing resourceDirectory D:\DP3S_16-05-25-MauStrategy_22T1020774\DP3S_Strategy\src\test\resources
2025-05-17 11:10:55,430 [Worker-2: Loading available Gradle versions] INFO  o.e.b.c.i.u.g.PublishedGradleVersions - Gradle version information cache is up-to-date. Trying to read.
2025-05-17 11:11:05,773 [Worker-20: Building] INFO  o.a.m.s.f.DefaultMavenResourcesFiltering - skip non existing resourceDirectory D:\DP3S_16-05-25-MauStrategy_22T1020774\DP3S_Strategy\src\main\resources
2025-05-17 11:11:05,778 [Worker-20: Building] INFO  o.a.m.s.f.DefaultMavenResourcesFiltering - skip non existing resourceDirectory D:\DP3S_16-05-25-MauStrategy_22T1020774\DP3S_Strategy\src\test\resources
2025-05-17 11:16:31,692 [Worker-20: Building] INFO  o.a.m.s.f.DefaultMavenResourcesFiltering - skip non existing resourceDirectory D:\DP3S_16-05-25-MauStrategy_22T1020774\DP3S_Strategy\src\main\resources
2025-05-17 11:16:31,694 [Worker-20: Building] INFO  o.a.m.s.f.DefaultMavenResourcesFiltering - skip non existing resourceDirectory D:\DP3S_16-05-25-MauStrategy_22T1020774\DP3S_Strategy\src\test\resources
2025-05-17 11:16:38,322 [Worker-4: Building] INFO  o.a.m.s.f.DefaultMavenResourcesFiltering - skip non existing resourceDirectory D:\DP3S_16-05-25-MauStrategy_22T1020774\DP3S_Strategy\src\main\resources
2025-05-17 11:16:38,324 [Worker-4: Building] INFO  o.a.m.s.f.DefaultMavenResourcesFiltering - skip non existing resourceDirectory D:\DP3S_16-05-25-MauStrategy_22T1020774\DP3S_Strategy\src\test\resources
2025-05-17 11:16:47,723 [Worker-4: Building] INFO  o.a.m.s.f.DefaultMavenResourcesFiltering - skip non existing resourceDirectory D:\DP3S_16-05-25-MauStrategy_22T1020774\DP3S_Strategy\src\main\resources
2025-05-17 11:16:47,725 [Worker-4: Building] INFO  o.a.m.s.f.DefaultMavenResourcesFiltering - skip non existing resourceDirectory D:\DP3S_16-05-25-MauStrategy_22T1020774\DP3S_Strategy\src\test\resources
2025-05-17 11:16:58,787 [Worker-31: Building] INFO  o.a.m.s.f.DefaultMavenResourcesFiltering - skip non existing resourceDirectory D:\DP3S_16-05-25-MauStrategy_22T1020774\DP3S_Strategy\src\main\resources
2025-05-17 11:16:58,788 [Worker-31: Building] INFO  o.a.m.s.f.DefaultMavenResourcesFiltering - skip non existing resourceDirectory D:\DP3S_16-05-25-MauStrategy_22T1020774\DP3S_Strategy\src\test\resources
2025-05-17 11:25:37,128 [Worker-1: Loading available Gradle versions] INFO  o.e.b.c.i.u.g.PublishedGradleVersions - Gradle version information cache is up-to-date. Trying to read.
2025-05-17 11:30:02,999 [Worker-5: Loading available Gradle versions] INFO  o.e.b.c.i.u.g.PublishedGradleVersions - Gradle version information cache is up-to-date. Trying to read.
2025-05-17 17:39:25,989 [Worker-5: Loading available Gradle versions] INFO  o.e.b.c.i.u.g.PublishedGradleVersions - Gradle version information cache is up-to-date. Trying to read.
2025-05-17 17:41:39,400 [Worker-7: Building] INFO  o.e.m.c.i.l.LifecycleMappingFactory - Using org.eclipse.m2e.jdt.JarLifecycleMapping lifecycle mapping for MavenProject: com.nvtrung.dp:strategy-pattern-benchmark:1.0-SNAPSHOT @ D:\DP3S_16-05-25-MauStrategy_22T1020774\DP3S_Strategy\pom.xml.
2025-05-17 17:41:39,809 [Worker-7: Building] WARN  o.a.m.s.f.DefaultMavenResourcesFiltering - Using platform encoding (UTF-8 actually) to copy filtered resources, i.e. build is platform dependent!
2025-05-17 17:41:39,809 [Worker-7: Building] INFO  o.a.m.s.f.DefaultMavenResourcesFiltering - skip non existing resourceDirectory D:\DP3S_16-05-25-MauStrategy_22T1020774\DP3S_Strategy\src\main\resources
2025-05-17 17:41:39,813 [Worker-7: Building] WARN  o.a.m.s.f.DefaultMavenResourcesFiltering - Using platform encoding (UTF-8 actually) to copy filtered resources, i.e. build is platform dependent!
2025-05-17 17:41:39,813 [Worker-7: Building] INFO  o.a.m.s.f.DefaultMavenResourcesFiltering - skip non existing resourceDirectory D:\DP3S_16-05-25-MauStrategy_22T1020774\DP3S_Strategy\src\test\resources
2025-05-17 17:41:46,004 [Worker-26: Building] INFO  o.e.m.c.i.l.LifecycleMappingFactory - Using org.eclipse.m2e.jdt.JarLifecycleMapping lifecycle mapping for MavenProject: com.nvtrung.dp:strategy-pattern-benchmark:1.0-SNAPSHOT @ D:\DP3S_16-05-25-MauStrategy_22T1020774\DP3S_Strategy\pom.xml.
2025-05-17 17:41:46,276 [Worker-26: Building] WARN  o.a.m.s.f.DefaultMavenResourcesFiltering - Using platform encoding (UTF-8 actually) to copy filtered resources, i.e. build is platform dependent!
2025-05-17 17:41:46,277 [Worker-26: Building] INFO  o.a.m.s.f.DefaultMavenResourcesFiltering - skip non existing resourceDirectory D:\DP3S_16-05-25-MauStrategy_22T1020774\DP3S_Strategy\src\main\resources
2025-05-17 17:41:46,279 [Worker-26: Building] WARN  o.a.m.s.f.DefaultMavenResourcesFiltering - Using platform encoding (UTF-8 actually) to copy filtered resources, i.e. build is platform dependent!
2025-05-17 17:41:46,280 [Worker-26: Building] INFO  o.a.m.s.f.DefaultMavenResourcesFiltering - skip non existing resourceDirectory D:\DP3S_16-05-25-MauStrategy_22T1020774\DP3S_Strategy\src\test\resources
2025-05-17 17:42:04,238 [Worker-6: Loading available Gradle versions] INFO  o.e.b.c.i.u.g.PublishedGradleVersions - Gradle version information cache is up-to-date. Trying to read.
2025-06-09 09:12:01,839 [Worker-6: Loading available Gradle versions] INFO  o.e.b.c.i.u.g.PublishedGradleVersions - Gradle version information cache is up-to-date. Trying to read.
2025-07-02 20:06:12,298 [Worker-4: Loading available Gradle versions] INFO  o.e.b.c.i.u.g.PublishedGradleVersions - Gradle version information cache is up-to-date. Trying to read.
2025-07-02 20:06:24,589 [Worker-20: Building] INFO  o.a.m.s.f.DefaultMavenResourcesFiltering - skip non existing resourceDirectory D:\DP3S_16-05-25-MauStrategy_22T1020774\DP3S_Strategy\src\main\resources
2025-07-02 20:06:24,593 [Worker-20: Building] INFO  o.a.m.s.f.DefaultMavenResourcesFiltering - skip non existing resourceDirectory D:\DP3S_16-05-25-MauStrategy_22T1020774\DP3S_Strategy\src\test\resources
2025-07-02 20:10:49,579 [Worker-4: Loading available Gradle versions] INFO  o.e.b.c.i.u.g.PublishedGradleVersions - Gradle version information cache is up-to-date. Trying to read.
2025-07-02 20:10:52,455 [Worker-4: Building] INFO  o.a.m.s.f.DefaultMavenResourcesFiltering - skip non existing resourceDirectory D:\DP3S_16-05-25-MauStrategy_22T1020774\DP3S_Strategy\src\main\resources
2025-07-02 20:10:52,465 [Worker-4: Building] INFO  o.a.m.s.f.DefaultMavenResourcesFiltering - skip non existing resourceDirectory D:\DP3S_16-05-25-MauStrategy_22T1020774\DP3S_Strategy\src\test\resources
2025-07-03 11:27:22,905 [main] INFO  o.b.c.a.StaticComponentContainer - (StaticComponentContainer.java:368) - Instantiated org.burningwave.core.SLF4JManagedLoggerRepository
2025-07-03 11:27:22,907 [main] INFO  o.b.c.a.StaticComponentContainer - (StaticComponentContainer.java:369) - 

	Configuration values for static components:

		background-executor.all-tasks-monitoring.enabled=\
			true
		background-executor.all-tasks-monitoring.interval=\
			30000
		background-executor.all-tasks-monitoring.logger.enabled=\
			false
		background-executor.all-tasks-monitoring.minimum-elapsed-time-to-consider-a-task-as-probable-dead-locked=\
			300000
		background-executor.all-tasks-monitoring.probable-dead-locked-tasks-handling.policy=\
			log only
		background-executor.queued-task-executor[0].name=\
			Low priority tasks
		background-executor.queued-task-executor[0].priority=\
			1
		background-executor.queued-task-executor[1].name=\
			Normal priority tasks
		background-executor.queued-task-executor[1].priority=\
			5
		background-executor.queued-task-executor[2].name=\
			High priority tasks
		background-executor.queued-task-executor[2].priority=\
			10
		background-executor.task-creation-tracking.enabled=\
			${background-executor.all-tasks-monitoring.enabled}
		banner.additonal-informations=\
			${Bundle-Vendor} ${Bundle-Name} ${Bundle-Version}
		banner.additonal-informations.retrieve-from-manifest-file-of=\
			Burningwave Core
		banner.file=\
			org/burningwave/banner.bwb
		banner.hide=\
			true
		buffer-handler.default-allocation-mode=\
			ByteBuffer::allocateDirect
		buffer-handler.default-buffer-size=\
			1024
		group-name-for-named-elements=\
			Burningwave
		iterable-object-helper.default-values-separator=\
			;
		iterable-object-helper.parallel-iteration.applicability.default-minimum-collection-size=\
			2
		iterable-object-helper.parallel-iteration.applicability.max-runtime-thread-count-threshold=\
			autodetect
		iterable-object-helper.parallel-iteration.applicability.output-collection-enabled-types=\
			java.util.concurrent.ConcurrentHashMap$CollectionView;\
			java.util.Collections$SynchronizedCollection;\
			java.util.concurrent.CopyOnWriteArrayList;\
			java.util.concurrent.CopyOnWriteArraySet;\
			java.util.concurrent.BlockingQueue;\
			java.util.concurrent.ConcurrentSkipListSet;\
			java.util.concurrent.ConcurrentSkipListMap$EntrySet;\
			java.util.concurrent.ConcurrentSkipListMap$KeySet;\
			java.util.concurrent.ConcurrentSkipListMap$Values;
		jvm.driver.init=\
			false
		managed-logger.repository=\
			autodetect
		managed-logger.repository.enabled=\
			true
		managed-logger.repository.logging.warn.disabled-for=\
			org.burningwave.core.assembler.ComponentContainer$ClassLoader;\
			org.burningwave.core.classes.MemoryClassLoader;\
			org.burningwave.core.classes.PathScannerClassLoader;
		modules.export-all-to-all=\
			true
		resource-releaser.enabled=\
			true
		synchronizer.all-threads-monitoring.enabled=\
			false
		synchronizer.all-threads-monitoring.interval=\
			90000
		thread-supplier.default-daemon-flag-value=\
			true
		thread-supplier.default-thread-priority=\
			5
		thread-supplier.max-detached-thread-count=\
			${thread-supplier.max-poolable-thread-count}
		thread-supplier.max-detached-thread-count.elapsed-time-threshold-from-last-increase-for-gradual-decreasing-to-initial-value=\
			30000
		thread-supplier.max-detached-thread-count.increasing-step=\
			autodetect
		thread-supplier.max-poolable-thread-count=\
			autodetect
		thread-supplier.poolable-thread-request-timeout=\
			6000


2025-07-03 11:27:22,911 [main] INFO  o.b.core.jvm.BufferHandler - (BufferHandler.java:127) - default buffer size: 1024 bytes
2025-07-03 11:27:22,913 [main] INFO  o.b.core.jvm.BufferHandler - (BufferHandler.java:141) - default allocation mode: ByteBuffer::allocateDirect
2025-07-03 11:27:22,919 [main] INFO  org.burningwave.core.Cache - (Cache.java:76) - Building cache
2025-07-03 11:27:22,951 [main] INFO  o.b.c.a.StaticComponentContainer - (StaticComponentContainer.java:443) - org.burningwave.core.assembler.StaticComponentContainer initialized in 0.1386789 seconds
2025-07-03 11:27:28,308 [Worker-2: Loading available Gradle versions] INFO  o.e.b.c.i.u.g.PublishedGradleVersions - Gradle version information cache is not available. Remote download required.
2025-07-03 11:27:31,645 [Worker-7: Building] INFO  o.a.m.s.f.DefaultMavenResourcesFiltering - skip non existing resourceDirectory D:\DP3S_16-05-25-MauStrategy_22T1020774\DP3S_Strategy\src\main\resources
2025-07-03 11:27:31,653 [Worker-7: Building] INFO  o.a.m.s.f.DefaultMavenResourcesFiltering - skip non existing resourceDirectory D:\DP3S_16-05-25-MauStrategy_22T1020774\DP3S_Strategy\src\test\resources
